{"level":"error","timestamp":"2024-12-02T13:47:14.778Z","msg":"rpc error: code = NotFound desc = user with id 4 not found","method":"/user_v1.UserV1/Get","req":"id:4"}
{"level":"info","timestamp":"2024-12-02T13:47:14.784Z","msg":"request","method":"/user_v1.UserV1/Get","req":"id:4","res":"<nil>","duration":0.015507}
{"level":"info","timestamp":"2024-12-02T13:51:23.980Z","msg":"request","method":"/user_v1.UserV1/Get","req":"id:98","res":"user:{id:98  userInfo:{name:\"User\"  email:\"user@test.com\"  role:USER  created_at:{seconds:1732638779  nanos:523564000}}}","duration":0.012881834}
{"level":"info","timestamp":"2024-12-02T13:51:39.831Z","msg":"request","method":"/user_v1.UserV1/Get","req":"id:98","res":"user:{id:98  userInfo:{name:\"User\"  email:\"user@test.com\"  role:USER  created_at:{seconds:1732638779  nanos:523564000}}}","duration":0.003952666}
{"level":"info","timestamp":"2024-12-02T13:51:44.836Z","msg":"request","method":"/user_v1.UserV1/Get","req":"id:98","res":"user:{id:98  userInfo:{name:\"User\"  email:\"user@test.com\"  role:USER  created_at:{seconds:1732638779  nanos:523564000}}}","duration":0.003878292}
{"level":"info","timestamp":"2024-12-02T13:52:02.696Z","msg":"get user from cache","id":98}
{"level":"info","timestamp":"2024-12-02T13:52:02.704Z","msg":"request","method":"/user_v1.UserV1/Get","req":"id:98","res":"user:{id:98 userInfo:{name:\"User\" email:\"user@test.com\" role:USER created_at:{seconds:1732638779 nanos:523564000}}}","duration":0.007792833}
{"level":"info","timestamp":"2024-12-02T13:52:37.438Z","msg":"!!!","s.userCacheService":{}}
{"level":"info","timestamp":"2024-12-02T13:52:37.446Z","msg":"request","method":"/user_v1.UserV1/Get","req":"id:98","res":"user:{id:98 userInfo:{name:\"User\" email:\"user@test.com\" role:USER created_at:{seconds:1732638779 nanos:523564000}}}","duration":0.008103083}
{"level":"info","timestamp":"2024-12-02T13:52:58.930Z","msg":"!!!","s.userCacheService":{}}
{"level":"info","timestamp":"2024-12-02T13:52:58.931Z","msg":"111","s.userCacheService":{}}
{"level":"info","timestamp":"2024-12-02T13:52:58.935Z","msg":"request","method":"/user_v1.UserV1/Get","req":"id:98","res":"user:{id:98 userInfo:{name:\"User\" email:\"user@test.com\" role:USER created_at:{seconds:1732638779 nanos:523564000}}}","duration":0.004637666}
{"level":"info","timestamp":"2024-12-02T13:53:24.780Z","msg":"!!!","s.userCacheService":{}}
{"level":"info","timestamp":"2024-12-02T13:53:24.782Z","msg":"111","s.userCacheService":{}}
{"level":"info","timestamp":"2024-12-02T13:53:24.784Z","msg":"222","userObj":null}
{"level":"info","timestamp":"2024-12-02T13:53:24.789Z","msg":"request","method":"/user_v1.UserV1/Get","req":"id:98","res":"user:{id:98  userInfo:{name:\"User\"  email:\"user@test.com\"  role:USER  created_at:{seconds:1732638779  nanos:523564000}}}","duration":0.0092335}
{"level":"info","timestamp":"2024-12-02T15:42:48.431Z","msg":"request","method":"/user_v1.UserV1/Get","req":"id:98","res":"user:{id:98  userInfo:{name:\"User\"  email:\"user@test.com\"  role:USER  created_at:{seconds:1732638779  nanos:523564000}}}","duration":0.007160208}
{"level":"info","timestamp":"2024-12-02T16:14:17.113Z","msg":"request","method":"/user_v1.UserV1/Get","req":"id:98","res":"user:{id:98  userInfo:{name:\"User\"  email:\"user@test.com\"  role:USER  created_at:{seconds:1732638779  nanos:523564000}}}","duration":0.013311125}
{"level":"info","timestamp":"2024-12-02T16:14:18.716Z","msg":"request","method":"/user_v1.UserV1/Get","req":"id:98","res":"user:{id:98  userInfo:{name:\"User\"  email:\"user@test.com\"  role:USER  created_at:{seconds:1732638779  nanos:523564000}}}","duration":0.001687625}
{"level":"info","timestamp":"2024-12-02T16:14:19.338Z","msg":"request","method":"/user_v1.UserV1/Get","req":"id:98","res":"user:{id:98  userInfo:{name:\"User\"  email:\"user@test.com\"  role:USER  created_at:{seconds:1732638779  nanos:523564000}}}","duration":0.001638792}
{"level":"info","timestamp":"2024-12-02T16:14:19.682Z","msg":"request","method":"/user_v1.UserV1/Get","req":"id:98","res":"user:{id:98  userInfo:{name:\"User\"  email:\"user@test.com\"  role:USER  created_at:{seconds:1732638779  nanos:523564000}}}","duration":0.001023209}
{"level":"info","timestamp":"2024-12-02T16:14:19.871Z","msg":"request","method":"/user_v1.UserV1/Get","req":"id:98","res":"user:{id:98  userInfo:{name:\"User\"  email:\"user@test.com\"  role:USER  created_at:{seconds:1732638779  nanos:523564000}}}","duration":0.002008375}
{"level":"info","timestamp":"2024-12-02T16:14:20.061Z","msg":"request","method":"/user_v1.UserV1/Get","req":"id:98","res":"user:{id:98  userInfo:{name:\"User\"  email:\"user@test.com\"  role:USER  created_at:{seconds:1732638779  nanos:523564000}}}","duration":0.002468458}
{"level":"info","timestamp":"2024-12-02T16:14:20.661Z","msg":"request","method":"/user_v1.UserV1/Get","req":"id:98","res":"user:{id:98  userInfo:{name:\"User\"  email:\"user@test.com\"  role:USER  created_at:{seconds:1732638779  nanos:523564000}}}","duration":0.001253916}
{"level":"info","timestamp":"2024-12-02T16:14:21.025Z","msg":"request","method":"/user_v1.UserV1/Get","req":"id:98","res":"user:{id:98  userInfo:{name:\"User\"  email:\"user@test.com\"  role:USER  created_at:{seconds:1732638779  nanos:523564000}}}","duration":0.00187475}
{"level":"info","timestamp":"2024-12-02T16:14:21.431Z","msg":"request","method":"/user_v1.UserV1/Get","req":"id:98","res":"user:{id:98  userInfo:{name:\"User\"  email:\"user@test.com\"  role:USER  created_at:{seconds:1732638779  nanos:523564000}}}","duration":0.002111166}
{"level":"info","timestamp":"2024-12-02T16:14:21.755Z","msg":"request","method":"/user_v1.UserV1/Get","req":"id:98","res":"user:{id:98  userInfo:{name:\"User\"  email:\"user@test.com\"  role:USER  created_at:{seconds:1732638779  nanos:523564000}}}","duration":0.001569375}
{"level":"info","timestamp":"2024-12-02T16:14:22.075Z","msg":"request","method":"/user_v1.UserV1/Get","req":"id:98","res":"user:{id:98  userInfo:{name:\"User\"  email:\"user@test.com\"  role:USER  created_at:{seconds:1732638779  nanos:523564000}}}","duration":0.001820792}
{"level":"info","timestamp":"2024-12-02T16:14:22.331Z","msg":"request","method":"/user_v1.UserV1/Get","req":"id:98","res":"user:{id:98  userInfo:{name:\"User\"  email:\"user@test.com\"  role:USER  created_at:{seconds:1732638779  nanos:523564000}}}","duration":0.001558458}
{"level":"info","timestamp":"2024-12-02T16:14:22.576Z","msg":"request","method":"/user_v1.UserV1/Get","req":"id:98","res":"user:{id:98  userInfo:{name:\"User\"  email:\"user@test.com\"  role:USER  created_at:{seconds:1732638779  nanos:523564000}}}","duration":0.001752709}
{"level":"info","timestamp":"2024-12-02T16:14:22.810Z","msg":"request","method":"/user_v1.UserV1/Get","req":"id:98","res":"user:{id:98  userInfo:{name:\"User\"  email:\"user@test.com\"  role:USER  created_at:{seconds:1732638779  nanos:523564000}}}","duration":0.003132041}
{"level":"info","timestamp":"2024-12-02T16:14:23.027Z","msg":"request","method":"/user_v1.UserV1/Get","req":"id:98","res":"user:{id:98  userInfo:{name:\"User\"  email:\"user@test.com\"  role:USER  created_at:{seconds:1732638779  nanos:523564000}}}","duration":0.002186291}
{"level":"info","timestamp":"2024-12-02T16:14:23.233Z","msg":"request","method":"/user_v1.UserV1/Get","req":"id:98","res":"user:{id:98  userInfo:{name:\"User\"  email:\"user@test.com\"  role:USER  created_at:{seconds:1732638779  nanos:523564000}}}","duration":0.000943}
{"level":"info","timestamp":"2024-12-02T16:14:23.419Z","msg":"request","method":"/user_v1.UserV1/Get","req":"id:98","res":"user:{id:98  userInfo:{name:\"User\"  email:\"user@test.com\"  role:USER  created_at:{seconds:1732638779  nanos:523564000}}}","duration":0.001537583}
{"level":"info","timestamp":"2024-12-02T16:14:23.621Z","msg":"request","method":"/user_v1.UserV1/Get","req":"id:98","res":"user:{id:98  userInfo:{name:\"User\"  email:\"user@test.com\"  role:USER  created_at:{seconds:1732638779  nanos:523564000}}}","duration":0.002484084}
{"level":"info","timestamp":"2024-12-02T16:14:26.458Z","msg":"request","method":"/user_v1.UserV1/Get","req":"id:1","res":"user:{userInfo:{created_at:{}  updated_at:{seconds:-62135596800}}}","duration":0.000618042}
{"level":"info","timestamp":"2024-12-02T16:14:27.014Z","msg":"request","method":"/user_v1.UserV1/Get","req":"id:1","res":"user:{userInfo:{created_at:{}  updated_at:{seconds:-62135596800}}}","duration":0.000285208}
{"level":"info","timestamp":"2024-12-02T16:14:27.207Z","msg":"request","method":"/user_v1.UserV1/Get","req":"id:1","res":"user:{userInfo:{created_at:{}  updated_at:{seconds:-62135596800}}}","duration":0.000278875}
{"level":"info","timestamp":"2024-12-02T16:14:27.421Z","msg":"request","method":"/user_v1.UserV1/Get","req":"id:1","res":"user:{userInfo:{created_at:{}  updated_at:{seconds:-62135596800}}}","duration":0.000346458}
{"level":"info","timestamp":"2024-12-02T16:14:27.725Z","msg":"request","method":"/user_v1.UserV1/Get","req":"id:1","res":"user:{userInfo:{created_at:{}  updated_at:{seconds:-62135596800}}}","duration":0.000258875}
{"level":"info","timestamp":"2024-12-02T16:14:27.919Z","msg":"request","method":"/user_v1.UserV1/Get","req":"id:1","res":"user:{userInfo:{created_at:{}  updated_at:{seconds:-62135596800}}}","duration":0.000274083}
{"level":"info","timestamp":"2024-12-02T16:14:28.165Z","msg":"request","method":"/user_v1.UserV1/Get","req":"id:1","res":"user:{userInfo:{created_at:{}  updated_at:{seconds:-62135596800}}}","duration":0.00022375}
{"level":"info","timestamp":"2024-12-02T16:14:28.591Z","msg":"request","method":"/user_v1.UserV1/Get","req":"id:1","res":"user:{userInfo:{created_at:{}  updated_at:{seconds:-62135596800}}}","duration":0.000368625}
{"level":"info","timestamp":"2024-12-02T16:14:28.940Z","msg":"request","method":"/user_v1.UserV1/Get","req":"id:1","res":"user:{userInfo:{created_at:{}  updated_at:{seconds:-62135596800}}}","duration":0.000613459}
{"level":"info","timestamp":"2024-12-02T16:14:29.268Z","msg":"request","method":"/user_v1.UserV1/Get","req":"id:1","res":"user:{userInfo:{created_at:{}  updated_at:{seconds:-62135596800}}}","duration":0.000258791}
{"level":"info","timestamp":"2024-12-02T16:14:29.648Z","msg":"request","method":"/user_v1.UserV1/Get","req":"id:1","res":"user:{userInfo:{created_at:{}  updated_at:{seconds:-62135596800}}}","duration":0.000278}
{"level":"info","timestamp":"2024-12-02T16:14:30.156Z","msg":"request","method":"/user_v1.UserV1/Get","req":"id:1","res":"user:{userInfo:{created_at:{}  updated_at:{seconds:-62135596800}}}","duration":0.000387209}
{"level":"info","timestamp":"2024-12-02T16:14:30.343Z","msg":"request","method":"/user_v1.UserV1/Get","req":"id:1","res":"user:{userInfo:{created_at:{}  updated_at:{seconds:-62135596800}}}","duration":0.000335584}
{"level":"info","timestamp":"2024-12-02T16:14:30.540Z","msg":"request","method":"/user_v1.UserV1/Get","req":"id:1","res":"user:{userInfo:{created_at:{}  updated_at:{seconds:-62135596800}}}","duration":0.000162458}
{"level":"info","timestamp":"2024-12-02T16:14:30.778Z","msg":"request","method":"/user_v1.UserV1/Get","req":"id:1","res":"user:{userInfo:{created_at:{}  updated_at:{seconds:-62135596800}}}","duration":0.000273708}
{"level":"info","timestamp":"2024-12-02T16:14:31.439Z","msg":"request","method":"/user_v1.UserV1/Get","req":"id:1","res":"user:{userInfo:{created_at:{}  updated_at:{seconds:-62135596800}}}","duration":0.0002995}
{"level":"info","timestamp":"2024-12-02T16:14:32.108Z","msg":"request","method":"/user_v1.UserV1/Get","req":"id:1","res":"user:{userInfo:{created_at:{}  updated_at:{seconds:-62135596800}}}","duration":0.000435667}
{"level":"error","timestamp":"2024-12-02T16:14:36.037Z","msg":"rpc error: code = NotFound desc = user with id 0 not found","method":"/user_v1.UserV1/Get","req":""}
{"level":"info","timestamp":"2024-12-02T16:14:36.039Z","msg":"request","method":"/user_v1.UserV1/Get","req":"","res":"<nil>","duration":0.004030959}
{"level":"error","timestamp":"2024-12-02T16:14:36.990Z","msg":"rpc error: code = NotFound desc = user with id 0 not found","method":"/user_v1.UserV1/Get","req":""}
{"level":"info","timestamp":"2024-12-02T16:14:36.990Z","msg":"request","method":"/user_v1.UserV1/Get","req":"","res":"<nil>","duration":0.000893}
{"level":"error","timestamp":"2024-12-02T16:14:37.423Z","msg":"rpc error: code = NotFound desc = user with id 0 not found","method":"/user_v1.UserV1/Get","req":""}
{"level":"info","timestamp":"2024-12-02T16:14:37.424Z","msg":"request","method":"/user_v1.UserV1/Get","req":"","res":"<nil>","duration":0.002941458}
{"level":"error","timestamp":"2024-12-02T16:14:37.679Z","msg":"rpc error: code = NotFound desc = user with id 0 not found","method":"/user_v1.UserV1/Get","req":""}
{"level":"info","timestamp":"2024-12-02T16:14:37.679Z","msg":"request","method":"/user_v1.UserV1/Get","req":"","res":"<nil>","duration":0.001536542}
{"level":"error","timestamp":"2024-12-02T16:14:37.891Z","msg":"rpc error: code = NotFound desc = user with id 0 not found","method":"/user_v1.UserV1/Get","req":""}
{"level":"info","timestamp":"2024-12-02T16:14:37.892Z","msg":"request","method":"/user_v1.UserV1/Get","req":"","res":"<nil>","duration":0.001132083}
{"level":"error","timestamp":"2024-12-02T16:14:38.114Z","msg":"rpc error: code = NotFound desc = user with id 0 not found","method":"/user_v1.UserV1/Get","req":""}
{"level":"info","timestamp":"2024-12-02T16:14:38.115Z","msg":"request","method":"/user_v1.UserV1/Get","req":"","res":"<nil>","duration":0.006902584}
{"level":"error","timestamp":"2024-12-02T16:14:38.287Z","msg":"rpc error: code = NotFound desc = user with id 0 not found","method":"/user_v1.UserV1/Get","req":""}
{"level":"info","timestamp":"2024-12-02T16:14:38.287Z","msg":"request","method":"/user_v1.UserV1/Get","req":"","res":"<nil>","duration":0.000986}
{"level":"error","timestamp":"2024-12-02T16:14:38.452Z","msg":"rpc error: code = NotFound desc = user with id 0 not found","method":"/user_v1.UserV1/Get","req":""}
{"level":"info","timestamp":"2024-12-02T16:14:38.452Z","msg":"request","method":"/user_v1.UserV1/Get","req":"","res":"<nil>","duration":0.000950709}
{"level":"error","timestamp":"2024-12-02T16:14:38.638Z","msg":"rpc error: code = NotFound desc = user with id 0 not found","method":"/user_v1.UserV1/Get","req":""}
{"level":"info","timestamp":"2024-12-02T16:14:38.638Z","msg":"request","method":"/user_v1.UserV1/Get","req":"","res":"<nil>","duration":0.000888167}
{"level":"error","timestamp":"2024-12-02T16:14:38.841Z","msg":"rpc error: code = NotFound desc = user with id 0 not found","method":"/user_v1.UserV1/Get","req":""}
{"level":"info","timestamp":"2024-12-02T16:14:38.841Z","msg":"request","method":"/user_v1.UserV1/Get","req":"","res":"<nil>","duration":0.001026959}
{"level":"error","timestamp":"2024-12-02T16:14:39.020Z","msg":"rpc error: code = NotFound desc = user with id 0 not found","method":"/user_v1.UserV1/Get","req":""}
{"level":"info","timestamp":"2024-12-02T16:14:39.021Z","msg":"request","method":"/user_v1.UserV1/Get","req":"","res":"<nil>","duration":0.001530792}
{"level":"error","timestamp":"2024-12-02T16:14:39.257Z","msg":"rpc error: code = NotFound desc = user with id 0 not found","method":"/user_v1.UserV1/Get","req":""}
{"level":"info","timestamp":"2024-12-02T16:14:39.257Z","msg":"request","method":"/user_v1.UserV1/Get","req":"","res":"<nil>","duration":0.001016625}
{"level":"error","timestamp":"2024-12-02T16:14:52.826Z","msg":"rpc error: code = NotFound desc = user with id 0 not found","method":"/user_v1.UserV1/Get","req":""}
{"level":"info","timestamp":"2024-12-02T16:14:52.828Z","msg":"request","method":"/user_v1.UserV1/Get","req":"","res":"<nil>","duration":0.003847417}
{"level":"error","timestamp":"2024-12-02T16:14:53.214Z","msg":"rpc error: code = NotFound desc = user with id 0 not found","method":"/user_v1.UserV1/Get","req":""}
{"level":"info","timestamp":"2024-12-02T16:14:53.215Z","msg":"request","method":"/user_v1.UserV1/Get","req":"","res":"<nil>","duration":0.001104417}
{"level":"error","timestamp":"2024-12-02T16:14:53.372Z","msg":"rpc error: code = NotFound desc = user with id 0 not found","method":"/user_v1.UserV1/Get","req":""}
{"level":"info","timestamp":"2024-12-02T16:14:53.372Z","msg":"request","method":"/user_v1.UserV1/Get","req":"","res":"<nil>","duration":0.001060916}
{"level":"error","timestamp":"2024-12-02T16:14:53.575Z","msg":"rpc error: code = NotFound desc = user with id 0 not found","method":"/user_v1.UserV1/Get","req":""}
{"level":"info","timestamp":"2024-12-02T16:14:53.575Z","msg":"request","method":"/user_v1.UserV1/Get","req":"","res":"<nil>","duration":0.001354584}
{"level":"error","timestamp":"2024-12-02T16:14:53.758Z","msg":"rpc error: code = NotFound desc = user with id 0 not found","method":"/user_v1.UserV1/Get","req":""}
{"level":"info","timestamp":"2024-12-02T16:14:53.759Z","msg":"request","method":"/user_v1.UserV1/Get","req":"","res":"<nil>","duration":0.001976}
{"level":"error","timestamp":"2024-12-02T16:14:53.942Z","msg":"rpc error: code = NotFound desc = user with id 0 not found","method":"/user_v1.UserV1/Get","req":""}
{"level":"info","timestamp":"2024-12-02T16:14:53.942Z","msg":"request","method":"/user_v1.UserV1/Get","req":"","res":"<nil>","duration":0.000686292}
{"level":"error","timestamp":"2024-12-02T16:14:54.107Z","msg":"rpc error: code = NotFound desc = user with id 0 not found","method":"/user_v1.UserV1/Get","req":""}
{"level":"info","timestamp":"2024-12-02T16:14:54.107Z","msg":"request","method":"/user_v1.UserV1/Get","req":"","res":"<nil>","duration":0.000617458}
{"level":"error","timestamp":"2024-12-02T16:14:54.272Z","msg":"rpc error: code = NotFound desc = user with id 0 not found","method":"/user_v1.UserV1/Get","req":""}
{"level":"info","timestamp":"2024-12-02T16:14:54.272Z","msg":"request","method":"/user_v1.UserV1/Get","req":"","res":"<nil>","duration":0.000943041}
{"level":"info","timestamp":"2024-12-02T16:14:57.818Z","msg":"request","method":"/user_v1.UserV1/Get","req":"id:98","res":"user:{id:98  userInfo:{name:\"User\"  email:\"user@test.com\"  role:USER  created_at:{seconds:1732638779  nanos:523564000}}}","duration":0.002108833}
{"level":"info","timestamp":"2024-12-02T16:14:58.430Z","msg":"request","method":"/user_v1.UserV1/Get","req":"id:98","res":"user:{id:98  userInfo:{name:\"User\"  email:\"user@test.com\"  role:USER  created_at:{seconds:1732638779  nanos:523564000}}}","duration":0.001853292}
{"level":"info","timestamp":"2024-12-02T16:14:58.859Z","msg":"request","method":"/user_v1.UserV1/Get","req":"id:98","res":"user:{id:98  userInfo:{name:\"User\"  email:\"user@test.com\"  role:USER  created_at:{seconds:1732638779  nanos:523564000}}}","duration":0.002928959}
{"level":"info","timestamp":"2024-12-02T16:14:59.044Z","msg":"request","method":"/user_v1.UserV1/Get","req":"id:98","res":"user:{id:98  userInfo:{name:\"User\"  email:\"user@test.com\"  role:USER  created_at:{seconds:1732638779  nanos:523564000}}}","duration":0.00356325}
{"level":"info","timestamp":"2024-12-02T16:14:59.240Z","msg":"request","method":"/user_v1.UserV1/Get","req":"id:98","res":"user:{id:98  userInfo:{name:\"User\"  email:\"user@test.com\"  role:USER  created_at:{seconds:1732638779  nanos:523564000}}}","duration":0.001377042}
{"level":"info","timestamp":"2024-12-02T16:14:59.432Z","msg":"request","method":"/user_v1.UserV1/Get","req":"id:98","res":"user:{id:98  userInfo:{name:\"User\"  email:\"user@test.com\"  role:USER  created_at:{seconds:1732638779  nanos:523564000}}}","duration":0.00111975}
{"level":"info","timestamp":"2024-12-02T16:14:59.619Z","msg":"request","method":"/user_v1.UserV1/Get","req":"id:98","res":"user:{id:98  userInfo:{name:\"User\"  email:\"user@test.com\"  role:USER  created_at:{seconds:1732638779  nanos:523564000}}}","duration":0.0014185}
{"level":"info","timestamp":"2024-12-02T16:14:59.802Z","msg":"request","method":"/user_v1.UserV1/Get","req":"id:98","res":"user:{id:98  userInfo:{name:\"User\"  email:\"user@test.com\"  role:USER  created_at:{seconds:1732638779  nanos:523564000}}}","duration":0.001544875}
{"level":"info","timestamp":"2024-12-02T16:14:59.990Z","msg":"request","method":"/user_v1.UserV1/Get","req":"id:98","res":"user:{id:98  userInfo:{name:\"User\"  email:\"user@test.com\"  role:USER  created_at:{seconds:1732638779  nanos:523564000}}}","duration":0.001291875}
{"level":"info","timestamp":"2024-12-02T16:15:00.746Z","msg":"request","method":"/user_v1.UserV1/Get","req":"id:98","res":"user:{id:98  userInfo:{name:\"User\"  email:\"user@test.com\"  role:USER  created_at:{seconds:1732638779  nanos:523564000}}}","duration":0.002811625}
{"level":"info","timestamp":"2024-12-02T16:15:01.084Z","msg":"request","method":"/user_v1.UserV1/Get","req":"id:98","res":"user:{id:98  userInfo:{name:\"User\"  email:\"user@test.com\"  role:USER  created_at:{seconds:1732638779  nanos:523564000}}}","duration":0.0012905}
{"level":"info","timestamp":"2024-12-02T16:15:01.291Z","msg":"request","method":"/user_v1.UserV1/Get","req":"id:98","res":"user:{id:98  userInfo:{name:\"User\"  email:\"user@test.com\"  role:USER  created_at:{seconds:1732638779  nanos:523564000}}}","duration":0.001902167}
{"level":"info","timestamp":"2024-12-02T16:15:01.487Z","msg":"request","method":"/user_v1.UserV1/Get","req":"id:98","res":"user:{id:98  userInfo:{name:\"User\"  email:\"user@test.com\"  role:USER  created_at:{seconds:1732638779  nanos:523564000}}}","duration":0.001351291}
{"level":"info","timestamp":"2024-12-02T16:15:01.689Z","msg":"request","method":"/user_v1.UserV1/Get","req":"id:98","res":"user:{id:98  userInfo:{name:\"User\"  email:\"user@test.com\"  role:USER  created_at:{seconds:1732638779  nanos:523564000}}}","duration":0.0023085}
{"level":"info","timestamp":"2024-12-02T16:15:04.068Z","msg":"request","method":"/user_v1.UserV1/Get","req":"id:1","res":"user:{userInfo:{created_at:{}  updated_at:{seconds:-62135596800}}}","duration":0.000245375}
{"level":"info","timestamp":"2024-12-02T16:15:04.646Z","msg":"request","method":"/user_v1.UserV1/Get","req":"id:1","res":"user:{userInfo:{created_at:{}  updated_at:{seconds:-62135596800}}}","duration":0.000435083}
{"level":"info","timestamp":"2024-12-02T16:15:05.093Z","msg":"request","method":"/user_v1.UserV1/Get","req":"id:1","res":"user:{userInfo:{created_at:{}  updated_at:{seconds:-62135596800}}}","duration":0.000306333}
{"level":"info","timestamp":"2024-12-02T16:15:05.303Z","msg":"request","method":"/user_v1.UserV1/Get","req":"id:1","res":"user:{userInfo:{created_at:{}  updated_at:{seconds:-62135596800}}}","duration":0.000274583}
{"level":"info","timestamp":"2024-12-02T16:15:05.523Z","msg":"request","method":"/user_v1.UserV1/Get","req":"id:1","res":"user:{userInfo:{created_at:{}  updated_at:{seconds:-62135596800}}}","duration":0.000304583}
{"level":"info","timestamp":"2024-12-02T16:15:05.708Z","msg":"request","method":"/user_v1.UserV1/Get","req":"id:1","res":"user:{userInfo:{created_at:{}  updated_at:{seconds:-62135596800}}}","duration":0.000152}
{"level":"info","timestamp":"2024-12-02T16:15:05.898Z","msg":"request","method":"/user_v1.UserV1/Get","req":"id:1","res":"user:{userInfo:{created_at:{}  updated_at:{seconds:-62135596800}}}","duration":0.000234958}
{"level":"info","timestamp":"2024-12-02T16:15:06.137Z","msg":"request","method":"/user_v1.UserV1/Get","req":"id:1","res":"user:{userInfo:{created_at:{}  updated_at:{seconds:-62135596800}}}","duration":0.000257666}
{"level":"info","timestamp":"2024-12-02T16:15:06.978Z","msg":"request","method":"/user_v1.UserV1/Get","req":"id:1","res":"user:{userInfo:{created_at:{}  updated_at:{seconds:-62135596800}}}","duration":0.000345875}
{"level":"info","timestamp":"2024-12-02T16:15:07.245Z","msg":"request","method":"/user_v1.UserV1/Get","req":"id:1","res":"user:{userInfo:{created_at:{}  updated_at:{seconds:-62135596800}}}","duration":0.000435209}
{"level":"info","timestamp":"2024-12-02T16:15:07.472Z","msg":"request","method":"/user_v1.UserV1/Get","req":"id:1","res":"user:{userInfo:{created_at:{}  updated_at:{seconds:-62135596800}}}","duration":0.000261083}
{"level":"info","timestamp":"2024-12-02T16:15:07.655Z","msg":"request","method":"/user_v1.UserV1/Get","req":"id:1","res":"user:{userInfo:{created_at:{}  updated_at:{seconds:-62135596800}}}","duration":0.000287334}
{"level":"info","timestamp":"2024-12-02T16:15:07.834Z","msg":"request","method":"/user_v1.UserV1/Get","req":"id:1","res":"user:{userInfo:{created_at:{}  updated_at:{seconds:-62135596800}}}","duration":0.000230958}
{"level":"info","timestamp":"2024-12-02T16:24:03.652Z","msg":"request","method":"/user_v1.UserV1/Get","req":"id:1","res":"user:{userInfo:{created_at:{}  updated_at:{seconds:-62135596800}}}","duration":0.003103042}
{"level":"info","timestamp":"2024-12-02T16:24:04.338Z","msg":"request","method":"/user_v1.UserV1/Get","req":"id:1","res":"user:{userInfo:{created_at:{}  updated_at:{seconds:-62135596800}}}","duration":0.000314416}
{"level":"info","timestamp":"2024-12-02T16:24:04.542Z","msg":"request","method":"/user_v1.UserV1/Get","req":"id:1","res":"user:{userInfo:{created_at:{}  updated_at:{seconds:-62135596800}}}","duration":0.000303375}
{"level":"info","timestamp":"2024-12-02T16:24:04.742Z","msg":"request","method":"/user_v1.UserV1/Get","req":"id:1","res":"user:{userInfo:{created_at:{}  updated_at:{seconds:-62135596800}}}","duration":0.00033825}
{"level":"info","timestamp":"2024-12-02T16:24:04.971Z","msg":"request","method":"/user_v1.UserV1/Get","req":"id:1","res":"user:{userInfo:{created_at:{}  updated_at:{seconds:-62135596800}}}","duration":0.000583833}
{"level":"info","timestamp":"2024-12-02T16:24:05.261Z","msg":"request","method":"/user_v1.UserV1/Get","req":"id:1","res":"user:{userInfo:{created_at:{}  updated_at:{seconds:-62135596800}}}","duration":0.000373041}
{"level":"info","timestamp":"2024-12-02T16:24:05.447Z","msg":"request","method":"/user_v1.UserV1/Get","req":"id:1","res":"user:{userInfo:{created_at:{}  updated_at:{seconds:-62135596800}}}","duration":0.000369083}
{"level":"info","timestamp":"2024-12-02T16:24:05.693Z","msg":"request","method":"/user_v1.UserV1/Get","req":"id:1","res":"user:{userInfo:{created_at:{}  updated_at:{seconds:-62135596800}}}","duration":0.000296459}
{"level":"info","timestamp":"2024-12-02T16:24:05.910Z","msg":"request","method":"/user_v1.UserV1/Get","req":"id:1","res":"user:{userInfo:{created_at:{}  updated_at:{seconds:-62135596800}}}","duration":0.000275791}
{"level":"info","timestamp":"2024-12-02T16:24:06.217Z","msg":"request","method":"/user_v1.UserV1/Get","req":"id:1","res":"user:{userInfo:{created_at:{}  updated_at:{seconds:-62135596800}}}","duration":0.000171291}
{"level":"info","timestamp":"2024-12-02T16:24:06.513Z","msg":"request","method":"/user_v1.UserV1/Get","req":"id:1","res":"user:{userInfo:{created_at:{}  updated_at:{seconds:-62135596800}}}","duration":0.000332125}
{"level":"info","timestamp":"2024-12-02T16:24:06.871Z","msg":"request","method":"/user_v1.UserV1/Get","req":"id:1","res":"user:{userInfo:{created_at:{}  updated_at:{seconds:-62135596800}}}","duration":0.000308167}
{"level":"info","timestamp":"2024-12-02T16:24:07.225Z","msg":"request","method":"/user_v1.UserV1/Get","req":"id:1","res":"user:{userInfo:{created_at:{}  updated_at:{seconds:-62135596800}}}","duration":0.000470042}
{"level":"info","timestamp":"2024-12-02T16:24:07.502Z","msg":"request","method":"/user_v1.UserV1/Get","req":"id:1","res":"user:{userInfo:{created_at:{}  updated_at:{seconds:-62135596800}}}","duration":0.00027}
{"level":"error","timestamp":"2024-12-02T16:24:09.815Z","msg":"rpc error: code = NotFound desc = user with id 0 not found","method":"/user_v1.UserV1/Get","req":""}
{"level":"info","timestamp":"2024-12-02T16:24:09.815Z","msg":"request","method":"/user_v1.UserV1/Get","req":"","res":"<nil>","duration":0.007366583}
{"level":"error","timestamp":"2024-12-02T16:24:10.146Z","msg":"rpc error: code = NotFound desc = user with id 0 not found","method":"/user_v1.UserV1/Get","req":""}
{"level":"info","timestamp":"2024-12-02T16:24:10.146Z","msg":"request","method":"/user_v1.UserV1/Get","req":"","res":"<nil>","duration":0.002423209}
{"level":"error","timestamp":"2024-12-02T16:24:10.487Z","msg":"rpc error: code = NotFound desc = user with id 0 not found","method":"/user_v1.UserV1/Get","req":""}
{"level":"info","timestamp":"2024-12-02T16:24:10.487Z","msg":"request","method":"/user_v1.UserV1/Get","req":"","res":"<nil>","duration":0.00127325}
{"level":"error","timestamp":"2024-12-02T16:24:10.638Z","msg":"rpc error: code = NotFound desc = user with id 0 not found","method":"/user_v1.UserV1/Get","req":""}
{"level":"info","timestamp":"2024-12-02T16:24:10.638Z","msg":"request","method":"/user_v1.UserV1/Get","req":"","res":"<nil>","duration":0.001152916}
{"level":"error","timestamp":"2024-12-02T16:24:10.824Z","msg":"rpc error: code = NotFound desc = user with id 0 not found","method":"/user_v1.UserV1/Get","req":""}
{"level":"info","timestamp":"2024-12-02T16:24:10.826Z","msg":"request","method":"/user_v1.UserV1/Get","req":"","res":"<nil>","duration":0.003672166}
{"level":"error","timestamp":"2024-12-02T16:24:11.046Z","msg":"rpc error: code = NotFound desc = user with id 0 not found","method":"/user_v1.UserV1/Get","req":""}
{"level":"info","timestamp":"2024-12-02T16:24:11.046Z","msg":"request","method":"/user_v1.UserV1/Get","req":"","res":"<nil>","duration":0.001959958}
{"level":"error","timestamp":"2024-12-02T16:24:11.658Z","msg":"rpc error: code = NotFound desc = user with id 0 not found","method":"/user_v1.UserV1/Get","req":""}
{"level":"info","timestamp":"2024-12-02T16:24:11.658Z","msg":"request","method":"/user_v1.UserV1/Get","req":"","res":"<nil>","duration":0.001094083}
{"level":"error","timestamp":"2024-12-02T16:24:11.841Z","msg":"rpc error: code = NotFound desc = user with id 0 not found","method":"/user_v1.UserV1/Get","req":""}
{"level":"info","timestamp":"2024-12-02T16:24:11.842Z","msg":"request","method":"/user_v1.UserV1/Get","req":"","res":"<nil>","duration":0.001150042}
{"level":"error","timestamp":"2024-12-02T16:24:12.020Z","msg":"rpc error: code = NotFound desc = user with id 0 not found","method":"/user_v1.UserV1/Get","req":""}
{"level":"info","timestamp":"2024-12-02T16:24:12.020Z","msg":"request","method":"/user_v1.UserV1/Get","req":"","res":"<nil>","duration":0.000919833}
{"level":"error","timestamp":"2024-12-02T16:24:12.163Z","msg":"rpc error: code = NotFound desc = user with id 0 not found","method":"/user_v1.UserV1/Get","req":""}
{"level":"info","timestamp":"2024-12-02T16:24:12.163Z","msg":"request","method":"/user_v1.UserV1/Get","req":"","res":"<nil>","duration":0.002607208}
{"level":"error","timestamp":"2024-12-02T16:24:12.324Z","msg":"rpc error: code = NotFound desc = user with id 0 not found","method":"/user_v1.UserV1/Get","req":""}
{"level":"info","timestamp":"2024-12-02T16:24:12.324Z","msg":"request","method":"/user_v1.UserV1/Get","req":"","res":"<nil>","duration":0.000979917}
{"level":"error","timestamp":"2024-12-02T16:24:12.473Z","msg":"rpc error: code = NotFound desc = user with id 0 not found","method":"/user_v1.UserV1/Get","req":""}
{"level":"info","timestamp":"2024-12-02T16:24:12.473Z","msg":"request","method":"/user_v1.UserV1/Get","req":"","res":"<nil>","duration":0.001760125}
{"level":"error","timestamp":"2024-12-02T16:24:12.650Z","msg":"rpc error: code = NotFound desc = user with id 0 not found","method":"/user_v1.UserV1/Get","req":""}
{"level":"info","timestamp":"2024-12-02T16:24:12.651Z","msg":"request","method":"/user_v1.UserV1/Get","req":"","res":"<nil>","duration":0.000980584}
{"level":"error","timestamp":"2024-12-02T16:24:12.896Z","msg":"rpc error: code = NotFound desc = user with id 0 not found","method":"/user_v1.UserV1/Get","req":""}
{"level":"info","timestamp":"2024-12-02T16:24:12.896Z","msg":"request","method":"/user_v1.UserV1/Get","req":"","res":"<nil>","duration":0.001767625}
{"level":"error","timestamp":"2024-12-02T16:24:13.037Z","msg":"rpc error: code = NotFound desc = user with id 0 not found","method":"/user_v1.UserV1/Get","req":""}
{"level":"info","timestamp":"2024-12-02T16:24:13.037Z","msg":"request","method":"/user_v1.UserV1/Get","req":"","res":"<nil>","duration":0.001094625}
{"level":"info","timestamp":"2024-12-02T16:24:16.399Z","msg":"request","method":"/user_v1.UserV1/Get","req":"id:98","res":"user:{id:98  userInfo:{name:\"User\"  email:\"user@test.com\"  role:USER  created_at:{seconds:1732638779  nanos:523564000}}}","duration":0.003578833}
{"level":"info","timestamp":"2024-12-02T16:24:16.994Z","msg":"request","method":"/user_v1.UserV1/Get","req":"id:98","res":"user:{id:98  userInfo:{name:\"User\"  email:\"user@test.com\"  role:USER  created_at:{seconds:1732638779  nanos:523564000}}}","duration":0.0017775}
{"level":"info","timestamp":"2024-12-02T16:24:17.226Z","msg":"request","method":"/user_v1.UserV1/Get","req":"id:98","res":"user:{id:98  userInfo:{name:\"User\"  email:\"user@test.com\"  role:USER  created_at:{seconds:1732638779  nanos:523564000}}}","duration":0.001669916}
{"level":"info","timestamp":"2024-12-02T16:24:17.400Z","msg":"request","method":"/user_v1.UserV1/Get","req":"id:98","res":"user:{id:98  userInfo:{name:\"User\"  email:\"user@test.com\"  role:USER  created_at:{seconds:1732638779  nanos:523564000}}}","duration":0.00153775}
{"level":"info","timestamp":"2024-12-02T16:24:17.611Z","msg":"request","method":"/user_v1.UserV1/Get","req":"id:98","res":"user:{id:98  userInfo:{name:\"User\"  email:\"user@test.com\"  role:USER  created_at:{seconds:1732638779  nanos:523564000}}}","duration":0.001700584}
{"level":"info","timestamp":"2024-12-02T16:24:17.860Z","msg":"request","method":"/user_v1.UserV1/Get","req":"id:98","res":"user:{id:98  userInfo:{name:\"User\"  email:\"user@test.com\"  role:USER  created_at:{seconds:1732638779  nanos:523564000}}}","duration":0.002276833}
{"level":"info","timestamp":"2024-12-02T16:24:18.039Z","msg":"request","method":"/user_v1.UserV1/Get","req":"id:98","res":"user:{id:98  userInfo:{name:\"User\"  email:\"user@test.com\"  role:USER  created_at:{seconds:1732638779  nanos:523564000}}}","duration":0.003402}
{"level":"info","timestamp":"2024-12-02T16:24:18.315Z","msg":"request","method":"/user_v1.UserV1/Get","req":"id:98","res":"user:{id:98  userInfo:{name:\"User\"  email:\"user@test.com\"  role:USER  created_at:{seconds:1732638779  nanos:523564000}}}","duration":0.002862375}
{"level":"info","timestamp":"2024-12-02T16:24:18.501Z","msg":"request","method":"/user_v1.UserV1/Get","req":"id:98","res":"user:{id:98  userInfo:{name:\"User\"  email:\"user@test.com\"  role:USER  created_at:{seconds:1732638779  nanos:523564000}}}","duration":0.001469792}
{"level":"info","timestamp":"2024-12-02T16:24:18.778Z","msg":"request","method":"/user_v1.UserV1/Get","req":"id:98","res":"user:{id:98  userInfo:{name:\"User\"  email:\"user@test.com\"  role:USER  created_at:{seconds:1732638779  nanos:523564000}}}","duration":0.002626}
{"level":"info","timestamp":"2024-12-02T16:24:18.984Z","msg":"request","method":"/user_v1.UserV1/Get","req":"id:98","res":"user:{id:98  userInfo:{name:\"User\"  email:\"user@test.com\"  role:USER  created_at:{seconds:1732638779  nanos:523564000}}}","duration":0.001819125}
{"level":"info","timestamp":"2024-12-02T16:24:19.264Z","msg":"request","method":"/user_v1.UserV1/Get","req":"id:98","res":"user:{id:98  userInfo:{name:\"User\"  email:\"user@test.com\"  role:USER  created_at:{seconds:1732638779  nanos:523564000}}}","duration":0.002895334}
{"level":"info","timestamp":"2024-12-02T16:24:19.512Z","msg":"request","method":"/user_v1.UserV1/Get","req":"id:98","res":"user:{id:98  userInfo:{name:\"User\"  email:\"user@test.com\"  role:USER  created_at:{seconds:1732638779  nanos:523564000}}}","duration":0.000939}
{"level":"info","timestamp":"2024-12-02T16:24:19.749Z","msg":"request","method":"/user_v1.UserV1/Get","req":"id:98","res":"user:{id:98  userInfo:{name:\"User\"  email:\"user@test.com\"  role:USER  created_at:{seconds:1732638779  nanos:523564000}}}","duration":0.00302625}
{"level":"info","timestamp":"2024-12-02T16:24:20.027Z","msg":"request","method":"/user_v1.UserV1/Get","req":"id:98","res":"user:{id:98  userInfo:{name:\"User\"  email:\"user@test.com\"  role:USER  created_at:{seconds:1732638779  nanos:523564000}}}","duration":0.001360708}
{"level":"info","timestamp":"2024-12-02T16:24:20.207Z","msg":"request","method":"/user_v1.UserV1/Get","req":"id:98","res":"user:{id:98  userInfo:{name:\"User\"  email:\"user@test.com\"  role:USER  created_at:{seconds:1732638779  nanos:523564000}}}","duration":0.002542833}
{"level":"info","timestamp":"2024-12-02T16:24:20.494Z","msg":"request","method":"/user_v1.UserV1/Get","req":"id:98","res":"user:{id:98  userInfo:{name:\"User\"  email:\"user@test.com\"  role:USER  created_at:{seconds:1732638779  nanos:523564000}}}","duration":0.002496}
{"level":"info","timestamp":"2024-12-02T16:24:20.676Z","msg":"request","method":"/user_v1.UserV1/Get","req":"id:98","res":"user:{id:98  userInfo:{name:\"User\"  email:\"user@test.com\"  role:USER  created_at:{seconds:1732638779  nanos:523564000}}}","duration":0.00157475}
{"level":"info","timestamp":"2024-12-02T16:24:20.858Z","msg":"request","method":"/user_v1.UserV1/Get","req":"id:98","res":"user:{id:98  userInfo:{name:\"User\"  email:\"user@test.com\"  role:USER  created_at:{seconds:1732638779  nanos:523564000}}}","duration":0.002741333}
{"level":"info","timestamp":"2024-12-02T16:24:21.146Z","msg":"request","method":"/user_v1.UserV1/Get","req":"id:98","res":"user:{id:98  userInfo:{name:\"User\"  email:\"user@test.com\"  role:USER  created_at:{seconds:1732638779  nanos:523564000}}}","duration":0.0016695}
{"level":"info","timestamp":"2024-12-02T16:31:47.833Z","msg":"request","method":"/user_v1.UserV1/Get","req":"id:98","res":"user:{id:98  userInfo:{name:\"User\"  email:\"user@test.com\"  role:USER  created_at:{seconds:1732638779  nanos:523564000}}}","duration":0.009134542}
{"level":"info","timestamp":"2024-12-02T16:31:48.696Z","msg":"request","method":"/user_v1.UserV1/Get","req":"id:98","res":"user:{id:98  userInfo:{name:\"User\"  email:\"user@test.com\"  role:USER  created_at:{seconds:1732638779  nanos:523564000}}}","duration":0.001981542}
{"level":"info","timestamp":"2024-12-02T16:31:49.030Z","msg":"request","method":"/user_v1.UserV1/Get","req":"id:98","res":"user:{id:98  userInfo:{name:\"User\"  email:\"user@test.com\"  role:USER  created_at:{seconds:1732638779  nanos:523564000}}}","duration":0.00189325}
{"level":"info","timestamp":"2024-12-02T16:31:49.332Z","msg":"request","method":"/user_v1.UserV1/Get","req":"id:98","res":"user:{id:98  userInfo:{name:\"User\"  email:\"user@test.com\"  role:USER  created_at:{seconds:1732638779  nanos:523564000}}}","duration":0.002319083}
{"level":"info","timestamp":"2024-12-02T16:31:49.614Z","msg":"request","method":"/user_v1.UserV1/Get","req":"id:98","res":"user:{id:98  userInfo:{name:\"User\"  email:\"user@test.com\"  role:USER  created_at:{seconds:1732638779  nanos:523564000}}}","duration":0.002175833}
{"level":"info","timestamp":"2024-12-02T16:31:50.080Z","msg":"request","method":"/user_v1.UserV1/Get","req":"id:98","res":"user:{id:98  userInfo:{name:\"User\"  email:\"user@test.com\"  role:USER  created_at:{seconds:1732638779  nanos:523564000}}}","duration":0.001099208}
{"level":"info","timestamp":"2024-12-02T16:31:50.353Z","msg":"request","method":"/user_v1.UserV1/Get","req":"id:98","res":"user:{id:98  userInfo:{name:\"User\"  email:\"user@test.com\"  role:USER  created_at:{seconds:1732638779  nanos:523564000}}}","duration":0.003571041}
{"level":"info","timestamp":"2024-12-02T16:31:50.539Z","msg":"request","method":"/user_v1.UserV1/Get","req":"id:98","res":"user:{id:98  userInfo:{name:\"User\"  email:\"user@test.com\"  role:USER  created_at:{seconds:1732638779  nanos:523564000}}}","duration":0.001650583}
{"level":"info","timestamp":"2024-12-02T16:31:50.804Z","msg":"request","method":"/user_v1.UserV1/Get","req":"id:98","res":"user:{id:98  userInfo:{name:\"User\"  email:\"user@test.com\"  role:USER  created_at:{seconds:1732638779  nanos:523564000}}}","duration":0.001229417}
{"level":"info","timestamp":"2024-12-02T16:31:51.100Z","msg":"request","method":"/user_v1.UserV1/Get","req":"id:98","res":"user:{id:98  userInfo:{name:\"User\"  email:\"user@test.com\"  role:USER  created_at:{seconds:1732638779  nanos:523564000}}}","duration":0.002445916}
{"level":"info","timestamp":"2024-12-02T16:31:51.382Z","msg":"request","method":"/user_v1.UserV1/Get","req":"id:98","res":"user:{id:98  userInfo:{name:\"User\"  email:\"user@test.com\"  role:USER  created_at:{seconds:1732638779  nanos:523564000}}}","duration":0.001895209}
{"level":"info","timestamp":"2024-12-02T16:31:51.564Z","msg":"request","method":"/user_v1.UserV1/Get","req":"id:98","res":"user:{id:98  userInfo:{name:\"User\"  email:\"user@test.com\"  role:USER  created_at:{seconds:1732638779  nanos:523564000}}}","duration":0.001682959}
{"level":"info","timestamp":"2024-12-02T16:31:51.866Z","msg":"request","method":"/user_v1.UserV1/Get","req":"id:98","res":"user:{id:98  userInfo:{name:\"User\"  email:\"user@test.com\"  role:USER  created_at:{seconds:1732638779  nanos:523564000}}}","duration":0.0032135}
{"level":"info","timestamp":"2024-12-02T16:31:52.044Z","msg":"request","method":"/user_v1.UserV1/Get","req":"id:98","res":"user:{id:98  userInfo:{name:\"User\"  email:\"user@test.com\"  role:USER  created_at:{seconds:1732638779  nanos:523564000}}}","duration":0.001435042}
{"level":"info","timestamp":"2024-12-02T16:31:52.293Z","msg":"request","method":"/user_v1.UserV1/Get","req":"id:98","res":"user:{id:98  userInfo:{name:\"User\"  email:\"user@test.com\"  role:USER  created_at:{seconds:1732638779  nanos:523564000}}}","duration":0.001490875}
{"level":"info","timestamp":"2024-12-02T16:31:52.522Z","msg":"request","method":"/user_v1.UserV1/Get","req":"id:98","res":"user:{id:98  userInfo:{name:\"User\"  email:\"user@test.com\"  role:USER  created_at:{seconds:1732638779  nanos:523564000}}}","duration":0.001392833}
{"level":"info","timestamp":"2024-12-02T16:31:52.755Z","msg":"request","method":"/user_v1.UserV1/Get","req":"id:98","res":"user:{id:98  userInfo:{name:\"User\"  email:\"user@test.com\"  role:USER  created_at:{seconds:1732638779  nanos:523564000}}}","duration":0.003287292}
{"level":"info","timestamp":"2024-12-02T16:31:52.934Z","msg":"request","method":"/user_v1.UserV1/Get","req":"id:98","res":"user:{id:98  userInfo:{name:\"User\"  email:\"user@test.com\"  role:USER  created_at:{seconds:1732638779  nanos:523564000}}}","duration":0.002078959}
{"level":"info","timestamp":"2024-12-02T16:31:53.210Z","msg":"request","method":"/user_v1.UserV1/Get","req":"id:98","res":"user:{id:98  userInfo:{name:\"User\"  email:\"user@test.com\"  role:USER  created_at:{seconds:1732638779  nanos:523564000}}}","duration":0.002199834}
{"level":"info","timestamp":"2024-12-02T16:31:53.481Z","msg":"request","method":"/user_v1.UserV1/Get","req":"id:98","res":"user:{id:98  userInfo:{name:\"User\"  email:\"user@test.com\"  role:USER  created_at:{seconds:1732638779  nanos:523564000}}}","duration":0.002237792}
{"level":"error","timestamp":"2024-12-02T16:32:00.553Z","msg":"rpc error: code = NotFound desc = user with id 0 not found","method":"/user_v1.UserV1/Get","req":""}
{"level":"info","timestamp":"2024-12-02T16:32:00.554Z","msg":"request","method":"/user_v1.UserV1/Get","req":"","res":"<nil>","duration":0.003196167}
{"level":"error","timestamp":"2024-12-02T16:32:00.816Z","msg":"rpc error: code = NotFound desc = user with id 0 not found","method":"/user_v1.UserV1/Get","req":""}
{"level":"info","timestamp":"2024-12-02T16:32:00.817Z","msg":"request","method":"/user_v1.UserV1/Get","req":"","res":"<nil>","duration":0.001366042}
{"level":"error","timestamp":"2024-12-02T16:32:00.977Z","msg":"rpc error: code = NotFound desc = user with id 0 not found","method":"/user_v1.UserV1/Get","req":""}
{"level":"info","timestamp":"2024-12-02T16:32:00.978Z","msg":"request","method":"/user_v1.UserV1/Get","req":"","res":"<nil>","duration":0.00179675}
{"level":"error","timestamp":"2024-12-02T16:32:01.125Z","msg":"rpc error: code = NotFound desc = user with id 0 not found","method":"/user_v1.UserV1/Get","req":""}
{"level":"info","timestamp":"2024-12-02T16:32:01.125Z","msg":"request","method":"/user_v1.UserV1/Get","req":"","res":"<nil>","duration":0.000862}
{"level":"error","timestamp":"2024-12-02T16:32:01.284Z","msg":"rpc error: code = NotFound desc = user with id 0 not found","method":"/user_v1.UserV1/Get","req":""}
{"level":"info","timestamp":"2024-12-02T16:32:01.285Z","msg":"request","method":"/user_v1.UserV1/Get","req":"","res":"<nil>","duration":0.001215834}
{"level":"error","timestamp":"2024-12-02T16:32:01.470Z","msg":"rpc error: code = NotFound desc = user with id 0 not found","method":"/user_v1.UserV1/Get","req":""}
{"level":"info","timestamp":"2024-12-02T16:32:01.471Z","msg":"request","method":"/user_v1.UserV1/Get","req":"","res":"<nil>","duration":0.000857666}
{"level":"error","timestamp":"2024-12-02T16:32:01.607Z","msg":"rpc error: code = NotFound desc = user with id 0 not found","method":"/user_v1.UserV1/Get","req":""}
{"level":"info","timestamp":"2024-12-02T16:32:01.608Z","msg":"request","method":"/user_v1.UserV1/Get","req":"","res":"<nil>","duration":0.001207875}
{"level":"error","timestamp":"2024-12-02T16:32:01.743Z","msg":"rpc error: code = NotFound desc = user with id 0 not found","method":"/user_v1.UserV1/Get","req":""}
{"level":"info","timestamp":"2024-12-02T16:32:01.743Z","msg":"request","method":"/user_v1.UserV1/Get","req":"","res":"<nil>","duration":0.001046333}
{"level":"error","timestamp":"2024-12-02T16:32:02.362Z","msg":"rpc error: code = NotFound desc = user with id 0 not found","method":"/user_v1.UserV1/Get","req":""}
{"level":"info","timestamp":"2024-12-02T16:32:02.363Z","msg":"request","method":"/user_v1.UserV1/Get","req":"","res":"<nil>","duration":0.001921625}
{"level":"error","timestamp":"2024-12-02T16:32:02.528Z","msg":"rpc error: code = NotFound desc = user with id 0 not found","method":"/user_v1.UserV1/Get","req":""}
{"level":"info","timestamp":"2024-12-02T16:32:02.529Z","msg":"request","method":"/user_v1.UserV1/Get","req":"","res":"<nil>","duration":0.001254084}
{"level":"info","timestamp":"2024-12-02T16:32:05.175Z","msg":"request","method":"/user_v1.UserV1/Get","req":"id:1","res":"user:{userInfo:{created_at:{}  updated_at:{seconds:-62135596800}}}","duration":0.000314958}
{"level":"info","timestamp":"2024-12-02T16:32:05.484Z","msg":"request","method":"/user_v1.UserV1/Get","req":"id:1","res":"user:{userInfo:{created_at:{}  updated_at:{seconds:-62135596800}}}","duration":0.000309125}
{"level":"info","timestamp":"2024-12-02T16:32:05.712Z","msg":"request","method":"/user_v1.UserV1/Get","req":"id:1","res":"user:{userInfo:{created_at:{}  updated_at:{seconds:-62135596800}}}","duration":0.0004265}
{"level":"info","timestamp":"2024-12-02T16:32:05.977Z","msg":"request","method":"/user_v1.UserV1/Get","req":"id:1","res":"user:{userInfo:{created_at:{}  updated_at:{seconds:-62135596800}}}","duration":0.000244916}
{"level":"info","timestamp":"2024-12-02T16:32:06.198Z","msg":"request","method":"/user_v1.UserV1/Get","req":"id:1","res":"user:{userInfo:{created_at:{}  updated_at:{seconds:-62135596800}}}","duration":0.000165708}
{"level":"error","timestamp":"2024-12-02T16:32:08.809Z","msg":"rpc error: code = NotFound desc = user with id 2 not found","method":"/user_v1.UserV1/Get","req":"id:2"}
{"level":"info","timestamp":"2024-12-02T16:32:08.809Z","msg":"request","method":"/user_v1.UserV1/Get","req":"id:2","res":"<nil>","duration":0.00108625}
{"level":"error","timestamp":"2024-12-02T16:32:09.511Z","msg":"rpc error: code = NotFound desc = user with id 2 not found","method":"/user_v1.UserV1/Get","req":"id:2"}
{"level":"info","timestamp":"2024-12-02T16:32:09.511Z","msg":"request","method":"/user_v1.UserV1/Get","req":"id:2","res":"<nil>","duration":0.001893292}
{"level":"error","timestamp":"2024-12-02T16:32:09.658Z","msg":"rpc error: code = NotFound desc = user with id 2 not found","method":"/user_v1.UserV1/Get","req":"id:2"}
{"level":"info","timestamp":"2024-12-02T16:32:09.658Z","msg":"request","method":"/user_v1.UserV1/Get","req":"id:2","res":"<nil>","duration":0.00100775}
{"level":"error","timestamp":"2024-12-02T16:32:09.865Z","msg":"rpc error: code = NotFound desc = user with id 2 not found","method":"/user_v1.UserV1/Get","req":"id:2"}
{"level":"info","timestamp":"2024-12-02T16:32:09.865Z","msg":"request","method":"/user_v1.UserV1/Get","req":"id:2","res":"<nil>","duration":0.000983792}
{"level":"error","timestamp":"2024-12-02T16:32:10.051Z","msg":"rpc error: code = NotFound desc = user with id 2 not found","method":"/user_v1.UserV1/Get","req":"id:2"}
{"level":"info","timestamp":"2024-12-02T16:32:10.052Z","msg":"request","method":"/user_v1.UserV1/Get","req":"id:2","res":"<nil>","duration":0.001429084}
{"level":"error","timestamp":"2024-12-02T16:32:10.188Z","msg":"rpc error: code = NotFound desc = user with id 2 not found","method":"/user_v1.UserV1/Get","req":"id:2"}
{"level":"info","timestamp":"2024-12-02T16:32:10.188Z","msg":"request","method":"/user_v1.UserV1/Get","req":"id:2","res":"<nil>","duration":0.001148916}
{"level":"error","timestamp":"2024-12-02T16:32:10.342Z","msg":"rpc error: code = NotFound desc = user with id 2 not found","method":"/user_v1.UserV1/Get","req":"id:2"}
{"level":"info","timestamp":"2024-12-02T16:32:10.342Z","msg":"request","method":"/user_v1.UserV1/Get","req":"id:2","res":"<nil>","duration":0.000960625}
{"level":"error","timestamp":"2024-12-02T16:37:03.756Z","msg":"rpc error: code = NotFound desc = user with id 2 not found","method":"/user_v1.UserV1/Get","req":"id:2"}
{"level":"info","timestamp":"2024-12-02T16:37:03.758Z","msg":"request","method":"/user_v1.UserV1/Get","req":"id:2","res":"<nil>","duration":0.0104495}
{"level":"error","timestamp":"2024-12-02T16:37:19.735Z","msg":"rpc error: code = NotFound desc = user with id 2 not found","method":"/user_v1.UserV1/Get","req":"id:2"}
{"level":"info","timestamp":"2024-12-02T16:37:19.736Z","msg":"request","method":"/user_v1.UserV1/Get","req":"id:2","res":"<nil>","duration":0.00367025}
{"level":"error","timestamp":"2024-12-02T16:37:20.009Z","msg":"rpc error: code = NotFound desc = user with id 2 not found","method":"/user_v1.UserV1/Get","req":"id:2"}
{"level":"info","timestamp":"2024-12-02T16:37:20.009Z","msg":"request","method":"/user_v1.UserV1/Get","req":"id:2","res":"<nil>","duration":0.001437292}
{"level":"error","timestamp":"2024-12-02T16:37:20.270Z","msg":"rpc error: code = NotFound desc = user with id 2 not found","method":"/user_v1.UserV1/Get","req":"id:2"}
{"level":"info","timestamp":"2024-12-02T16:37:20.270Z","msg":"request","method":"/user_v1.UserV1/Get","req":"id:2","res":"<nil>","duration":0.001656417}
{"level":"error","timestamp":"2024-12-02T16:37:20.408Z","msg":"rpc error: code = NotFound desc = user with id 2 not found","method":"/user_v1.UserV1/Get","req":"id:2"}
{"level":"info","timestamp":"2024-12-02T16:37:20.409Z","msg":"request","method":"/user_v1.UserV1/Get","req":"id:2","res":"<nil>","duration":0.001744667}
{"level":"error","timestamp":"2024-12-02T16:37:20.554Z","msg":"rpc error: code = NotFound desc = user with id 2 not found","method":"/user_v1.UserV1/Get","req":"id:2"}
{"level":"info","timestamp":"2024-12-02T16:37:20.554Z","msg":"request","method":"/user_v1.UserV1/Get","req":"id:2","res":"<nil>","duration":0.001243208}
{"level":"error","timestamp":"2024-12-02T16:37:20.695Z","msg":"rpc error: code = NotFound desc = user with id 2 not found","method":"/user_v1.UserV1/Get","req":"id:2"}
{"level":"info","timestamp":"2024-12-02T16:37:20.696Z","msg":"request","method":"/user_v1.UserV1/Get","req":"id:2","res":"<nil>","duration":0.002693417}
{"level":"info","timestamp":"2024-12-02T16:37:23.462Z","msg":"request","method":"/user_v1.UserV1/Get","req":"id:98","res":"user:{id:98 userInfo:{name:\"User\" email:\"user@test.com\" role:USER created_at:{seconds:1732638779 nanos:523564000}}}","duration":0.002570542}
{"level":"info","timestamp":"2024-12-02T16:37:23.710Z","msg":"request","method":"/user_v1.UserV1/Get","req":"id:98","res":"user:{id:98 userInfo:{name:\"User\" email:\"user@test.com\" role:USER created_at:{seconds:1732638779 nanos:523564000}}}","duration":0.002505542}
{"level":"info","timestamp":"2024-12-02T16:37:23.884Z","msg":"request","method":"/user_v1.UserV1/Get","req":"id:98","res":"user:{id:98 userInfo:{name:\"User\" email:\"user@test.com\" role:USER created_at:{seconds:1732638779 nanos:523564000}}}","duration":0.001679291}
{"level":"info","timestamp":"2024-12-02T16:37:24.173Z","msg":"request","method":"/user_v1.UserV1/Get","req":"id:98","res":"user:{id:98 userInfo:{name:\"User\" email:\"user@test.com\" role:USER created_at:{seconds:1732638779 nanos:523564000}}}","duration":0.002282125}
{"level":"info","timestamp":"2024-12-02T16:37:24.445Z","msg":"request","method":"/user_v1.UserV1/Get","req":"id:98","res":"user:{id:98 userInfo:{name:\"User\" email:\"user@test.com\" role:USER created_at:{seconds:1732638779 nanos:523564000}}}","duration":0.003064458}
{"level":"info","timestamp":"2024-12-02T16:37:24.624Z","msg":"request","method":"/user_v1.UserV1/Get","req":"id:98","res":"user:{id:98 userInfo:{name:\"User\" email:\"user@test.com\" role:USER created_at:{seconds:1732638779 nanos:523564000}}}","duration":0.002229833}
{"level":"info","timestamp":"2024-12-02T16:37:24.889Z","msg":"request","method":"/user_v1.UserV1/Get","req":"id:98","res":"user:{id:98 userInfo:{name:\"User\" email:\"user@test.com\" role:USER created_at:{seconds:1732638779 nanos:523564000}}}","duration":0.00140425}
{"level":"info","timestamp":"2024-12-02T16:39:55.092Z","msg":"request","method":"/user_v1.UserV1/Get","req":"id:98","res":"user:{id:98 userInfo:{name:\"User\" email:\"user@test.com\" role:USER created_at:{seconds:1732638779 nanos:523564000}}}","duration":0.0055255}
{"level":"info","timestamp":"2024-12-02T16:39:55.711Z","msg":"request","method":"/user_v1.UserV1/Get","req":"id:98","res":"user:{id:98 userInfo:{name:\"User\" email:\"user@test.com\" role:USER created_at:{seconds:1732638779 nanos:523564000}}}","duration":0.001951541}
{"level":"info","timestamp":"2024-12-02T16:39:56.066Z","msg":"request","method":"/user_v1.UserV1/Get","req":"id:98","res":"user:{id:98 userInfo:{name:\"User\" email:\"user@test.com\" role:USER created_at:{seconds:1732638779 nanos:523564000}}}","duration":0.003878625}
{"level":"info","timestamp":"2024-12-02T16:39:56.331Z","msg":"request","method":"/user_v1.UserV1/Get","req":"id:98","res":"user:{id:98 userInfo:{name:\"User\" email:\"user@test.com\" role:USER created_at:{seconds:1732638779 nanos:523564000}}}","duration":0.002306625}
{"level":"info","timestamp":"2024-12-02T16:39:56.668Z","msg":"request","method":"/user_v1.UserV1/Get","req":"id:98","res":"user:{id:98 userInfo:{name:\"User\" email:\"user@test.com\" role:USER created_at:{seconds:1732638779 nanos:523564000}}}","duration":0.001624875}
{"level":"info","timestamp":"2024-12-02T16:39:57.003Z","msg":"request","method":"/user_v1.UserV1/Get","req":"id:98","res":"user:{id:98 userInfo:{name:\"User\" email:\"user@test.com\" role:USER created_at:{seconds:1732638779 nanos:523564000}}}","duration":0.001777417}
{"level":"info","timestamp":"2024-12-02T16:39:57.385Z","msg":"request","method":"/user_v1.UserV1/Get","req":"id:98","res":"user:{id:98 userInfo:{name:\"User\" email:\"user@test.com\" role:USER created_at:{seconds:1732638779 nanos:523564000}}}","duration":0.001325458}
{"level":"info","timestamp":"2024-12-02T16:39:57.698Z","msg":"request","method":"/user_v1.UserV1/Get","req":"id:98","res":"user:{id:98 userInfo:{name:\"User\" email:\"user@test.com\" role:USER created_at:{seconds:1732638779 nanos:523564000}}}","duration":0.002166083}
{"level":"info","timestamp":"2024-12-02T16:41:22.704Z","msg":"request","method":"/user_v1.UserV1/Get","req":"id:98","res":"user:{id:98 userInfo:{name:\"User\" email:\"user@test.com\" role:USER created_at:{seconds:1732638779 nanos:523564000}}}","duration":0.006006625}
{"level":"info","timestamp":"2024-12-02T16:41:24.127Z","msg":"request","method":"/user_v1.UserV1/Get","req":"id:98","res":"user:{id:98 userInfo:{name:\"User\" email:\"user@test.com\" role:USER created_at:{seconds:1732638779 nanos:523564000}}}","duration":0.002605084}
{"level":"info","timestamp":"2024-12-02T16:41:24.780Z","msg":"request","method":"/user_v1.UserV1/Get","req":"id:98","res":"user:{id:98 userInfo:{name:\"User\" email:\"user@test.com\" role:USER created_at:{seconds:1732638779 nanos:523564000}}}","duration":0.0019845}
{"level":"info","timestamp":"2024-12-02T16:41:25.083Z","msg":"request","method":"/user_v1.UserV1/Get","req":"id:98","res":"user:{id:98 userInfo:{name:\"User\" email:\"user@test.com\" role:USER created_at:{seconds:1732638779 nanos:523564000}}}","duration":0.002141292}
{"level":"info","timestamp":"2024-12-02T16:41:25.396Z","msg":"request","method":"/user_v1.UserV1/Get","req":"id:98","res":"user:{id:98 userInfo:{name:\"User\" email:\"user@test.com\" role:USER created_at:{seconds:1732638779 nanos:523564000}}}","duration":0.002147459}
{"level":"info","timestamp":"2024-12-02T16:41:25.578Z","msg":"request","method":"/user_v1.UserV1/Get","req":"id:98","res":"user:{id:98 userInfo:{name:\"User\" email:\"user@test.com\" role:USER created_at:{seconds:1732638779 nanos:523564000}}}","duration":0.000979041}
{"level":"info","timestamp":"2024-12-02T16:41:25.860Z","msg":"request","method":"/user_v1.UserV1/Get","req":"id:98","res":"user:{id:98 userInfo:{name:\"User\" email:\"user@test.com\" role:USER created_at:{seconds:1732638779 nanos:523564000}}}","duration":0.00147475}
{"level":"info","timestamp":"2024-12-02T16:41:26.040Z","msg":"request","method":"/user_v1.UserV1/Get","req":"id:98","res":"user:{id:98 userInfo:{name:\"User\" email:\"user@test.com\" role:USER created_at:{seconds:1732638779 nanos:523564000}}}","duration":0.0026285}
{"level":"error","timestamp":"2024-12-02T17:02:55.914Z","msg":"rpc error: code = NotFound desc = user with email user@user.com not found","method":"/auth_v1.AuthV1/Login","req":"email:\"user@user.com\" password:\"user\""}
{"level":"info","timestamp":"2024-12-02T17:02:55.915Z","msg":"request","method":"/auth_v1.AuthV1/Login","req":"email:\"user@user.com\" password:\"user\"","res":"<nil>","duration":0.009682792}
{"level":"info","timestamp":"2024-12-02T17:03:25.668Z","msg":"request","method":"/auth_v1.AuthV1/Login","req":"email:\"user@test.com\" password:\"user\"","res":"refresh_token:\"eyJhbGciOiJIUzI1NiIsInR5cCI6IkpXVCJ9.eyJleHAiOjE3MzMxNjI2MDUsImVtYWlsIjoidXNlckB0ZXN0LmNvbSIsInJvbGUiOiJVU0VSIn0.7opgG9LnYWWIgGSwIi-YMkh67CQJ9jIGXfIXbJnd37Q\"","duration":0.28158425}
{"level":"info","timestamp":"2024-12-02T17:03:42.604Z","msg":"request","method":"/auth_v1.AuthV1/GetAccessToken","req":"refresh_token:\"eyJhbGciOiJIUzI1NiIsInR5cCI6IkpXVCJ9.eyJleHAiOjE3MzMxNjI2MDUsImVtYWlsIjoidXNlckB0ZXN0LmNvbSIsInJvbGUiOiJVU0VSIn0.7opgG9LnYWWIgGSwIi-YMkh67CQJ9jIGXfIXbJnd37Q\"","res":"access_token:\"eyJhbGciOiJIUzI1NiIsInR5cCI6IkpXVCJ9.eyJleHAiOjE3MzMxNjI2MjIsImVtYWlsIjoidXNlckB0ZXN0LmNvbSIsInJvbGUiOiJVU0VSIn0.oRIWJL7kkghDsl_CUIPziPqaHX7p6LwoE0yI2mfaCuQ\"","duration":0.002218792}
{"level":"info","timestamp":"2024-12-02T17:04:10.812Z","msg":"request","method":"/access_v1.AccessV1/Check","req":"endpoint_address:\"/message_v1.MessageV1/Send\"","res":"","duration":0.003474583}
{"level":"info","timestamp":"2024-12-02T17:27:39.442Z","msg":"request","method":"/access_v1.AccessV1/Check","req":"endpoint_address:\"/message_v1.MessageV1/Send\"","res":"","duration":0.002295875}
{"level":"info","timestamp":"2024-12-02T17:38:02.598Z","msg":"request","method":"/access_v1.AccessV1/Check","req":"endpoint_address:\"/message_v1.MessageV1/Send\"","res":"","duration":0.004373791}
{"level":"info","timestamp":"2024-12-02T17:38:03.362Z","msg":"request","method":"/access_v1.AccessV1/Check","req":"endpoint_address:\"/message_v1.MessageV1/Send\"","res":"","duration":0.000184166}
{"level":"info","timestamp":"2024-12-02T17:38:03.974Z","msg":"request","method":"/access_v1.AccessV1/Check","req":"endpoint_address:\"/message_v1.MessageV1/Send\"","res":"","duration":0.000416417}
{"level":"info","timestamp":"2024-12-02T17:44:12.237Z","msg":"request","method":"/access_v1.AccessV1/Check","req":"endpoint_address:\"/message_v1.MessageV1/Send\"","res":"","duration":0.002576041}
{"level":"info","timestamp":"2024-12-02T17:46:18.066Z","msg":"request","method":"/access_v1.AccessV1/Check","req":"endpoint_address:\"/message_v1.MessageV1/Send\"","res":"","duration":0.000806208}
{"level":"info","timestamp":"2024-12-02T17:48:21.417Z","msg":"request","method":"/access_v1.AccessV1/Check","req":"endpoint_address:\"/message_v1.MessageV1/Send\"","res":"","duration":0.000741833}
{"level":"info","timestamp":"2024-12-02T17:48:45.609Z","msg":"request","method":"/access_v1.AccessV1/Check","req":"endpoint_address:\"/message_v1.MessageV1/Send\"","res":"","duration":0.00081675}
{"level":"info","timestamp":"2024-12-02T17:48:46.532Z","msg":"request","method":"/access_v1.AccessV1/Check","req":"endpoint_address:\"/message_v1.MessageV1/Send\"","res":"","duration":0.000169833}
{"level":"info","timestamp":"2024-12-02T17:48:47.190Z","msg":"request","method":"/access_v1.AccessV1/Check","req":"endpoint_address:\"/message_v1.MessageV1/Send\"","res":"","duration":0.00032875}
{"level":"info","timestamp":"2024-12-02T17:48:47.881Z","msg":"request","method":"/access_v1.AccessV1/Check","req":"endpoint_address:\"/message_v1.MessageV1/Send\"","res":"","duration":0.000345959}
